<?xml version="1.0" encoding="UTF-8"?>
<!-- Generated by org.testng.reporters.JUnitXMLReporter -->
<testsuite ignored="0" hostname="soc-PF2P9XM1" failures="4" tests="4" name="Test" time="5.475" errors="0" timestamp="2024-08-11T13:38:09 IST">
  <testcase classname="day8.CreateUser" name="TestCreateUser" time="5.34">
    <failure type="java.lang.NullPointerException" message="Cannot invoke &amp;quot;java.lang.Integer.intValue()&amp;quot; because the return value of &amp;quot;io.restassured.internal.common.path.ObjectConverter.convertObjectTo(Object, java.lang.Class)&amp;quot; is null">
      <![CDATA[java.lang.NullPointerException: Cannot invoke "java.lang.Integer.intValue()" because the return value of "io.restassured.internal.common.path.ObjectConverter.convertObjectTo(Object, java.lang.Class)" is null
at io.restassured.path.json.JsonPath.getInt(JsonPath.java:245)
at day8.CreateUser.TestCreateUser(CreateUser.java:40)
at java.base/java.util.ArrayList.forEach(ArrayList.java:1597)
... Removed 25 stack frames]]>
    </failure>
  </testcase> <!-- TestCreateUser -->
  <testcase classname="day8.GetUser" name="testGetUser" time="0.003">
    <failure type="java.lang.NullPointerException" message="Cannot invoke &amp;quot;java.lang.Integer.intValue()&amp;quot; because the return value of &amp;quot;org.testng.ITestContext.getAttribute(String)&amp;quot; is null">
      <![CDATA[java.lang.NullPointerException: Cannot invoke "java.lang.Integer.intValue()" because the return value of "org.testng.ITestContext.getAttribute(String)" is null
at day8.GetUser.testGetUser(GetUser.java:13)
at java.base/java.util.ArrayList.forEach(ArrayList.java:1597)
... Removed 25 stack frames]]>
    </failure>
  </testcase> <!-- testGetUser -->
  <testcase classname="day8.UpdateUser" name="testUpdateUser" time="0.003">
    <failure type="java.lang.NullPointerException" message="Cannot invoke &amp;quot;java.lang.Integer.intValue()&amp;quot; because the return value of &amp;quot;org.testng.ITestContext.getAttribute(String)&amp;quot; is null">
      <![CDATA[java.lang.NullPointerException: Cannot invoke "java.lang.Integer.intValue()" because the return value of "org.testng.ITestContext.getAttribute(String)" is null
at day8.UpdateUser.testUpdateUser(UpdateUser.java:18)
at java.base/java.util.ArrayList.forEach(ArrayList.java:1597)
... Removed 25 stack frames]]>
    </failure>
  </testcase> <!-- testUpdateUser -->
  <testcase classname="day8.DeleteUser" name="testDeleteuser" time="0.006">
    <failure type="java.lang.NullPointerException" message="Cannot invoke &amp;quot;java.lang.Integer.intValue()&amp;quot; because the return value of &amp;quot;org.testng.ITestContext.getAttribute(String)&amp;quot; is null">
      <![CDATA[java.lang.NullPointerException: Cannot invoke "java.lang.Integer.intValue()" because the return value of "org.testng.ITestContext.getAttribute(String)" is null
at day8.DeleteUser.testDeleteuser(DeleteUser.java:15)
at java.base/java.util.ArrayList.forEach(ArrayList.java:1597)
... Removed 25 stack frames]]>
    </failure>
  </testcase> <!-- testDeleteuser -->
</testsuite> <!-- Test -->
